[0.008s] Invoking command in '/home/chief-of-mischief/Desktop/mobile_ws/build/articubot_one': CMAKE_PREFIX_PATH=${CMAKE_PREFIX_PATH}:/opt/ros/humble /usr/bin/cmake /home/chief-of-mischief/Desktop/mobile_ws/src/articubot_one -DAMENT_CMAKE_SYMLINK_INSTALL=1 -DCMAKE_INSTALL_PREFIX=/home/chief-of-mischief/Desktop/mobile_ws/install/articubot_one
[0.099s] -- The C compiler identification is GNU 11.3.0
[0.181s] -- The CXX compiler identification is GNU 11.3.0
[0.187s] -- Detecting C compiler ABI info
[0.248s] -- Detecting C compiler ABI info - done
[0.259s] -- Check for working C compiler: /usr/bin/cc - skipped
[0.259s] -- Detecting C compile features
[0.260s] -- Detecting C compile features - done
[0.263s] -- Detecting CXX compiler ABI info
[0.335s] -- Detecting CXX compiler ABI info - done
[0.339s] -- Check for working CXX compiler: /usr/bin/c++ - skipped
[0.339s] -- Detecting CXX compile features
[0.339s] -- Detecting CXX compile features - done
[0.342s] -- Found ament_cmake: 1.3.3 (/opt/ros/humble/share/ament_cmake/cmake)
[0.453s] -- Found Python3: /usr/bin/python3.10 (found version "3.10.6") found components: Interpreter 
[0.488s] -- Override CMake install command with custom implementation using symlinks instead of copying resources
[0.508s] -- Found ament_lint_auto: 0.12.4 (/opt/ros/humble/share/ament_lint_auto/cmake)
[0.562s] -- Added test 'copyright' to check source files copyright and LICENSE
[0.566s] -- Added test 'flake8' to check Python code syntax and style conventions
[0.566s] -- Added test 'lint_cmake' to check CMake code style
[0.567s] -- Added test 'pep257' to check Python code against some of the docstring style conventions in PEP 257
[0.568s] -- Added test 'xmllint' to check XML markup files
[0.569s] -- Configuring done
[0.570s] -- Generating done
[0.571s] -- Build files have been written to: /home/chief-of-mischief/Desktop/mobile_ws/build/articubot_one
[0.574s] Invoked command in '/home/chief-of-mischief/Desktop/mobile_ws/build/articubot_one' returned '0': CMAKE_PREFIX_PATH=${CMAKE_PREFIX_PATH}:/opt/ros/humble /usr/bin/cmake /home/chief-of-mischief/Desktop/mobile_ws/src/articubot_one -DAMENT_CMAKE_SYMLINK_INSTALL=1 -DCMAKE_INSTALL_PREFIX=/home/chief-of-mischief/Desktop/mobile_ws/install/articubot_one
[0.575s] Invoking command in '/home/chief-of-mischief/Desktop/mobile_ws/build/articubot_one': CMAKE_PREFIX_PATH=${CMAKE_PREFIX_PATH}:/opt/ros/humble /usr/bin/cmake --build /home/chief-of-mischief/Desktop/mobile_ws/build/articubot_one -- -j24 -l24
[0.596s] Invoked command in '/home/chief-of-mischief/Desktop/mobile_ws/build/articubot_one' returned '0': CMAKE_PREFIX_PATH=${CMAKE_PREFIX_PATH}:/opt/ros/humble /usr/bin/cmake --build /home/chief-of-mischief/Desktop/mobile_ws/build/articubot_one -- -j24 -l24
[0.628s] Invoking command in '/home/chief-of-mischief/Desktop/mobile_ws/build/articubot_one': CMAKE_PREFIX_PATH=${CMAKE_PREFIX_PATH}:/opt/ros/humble /usr/bin/cmake --install /home/chief-of-mischief/Desktop/mobile_ws/build/articubot_one
[0.636s] -- Install configuration: ""
[0.636s] -- Execute custom install script
[0.638s] -- Symlinking: /home/chief-of-mischief/Desktop/mobile_ws/install/articubot_one/share/articubot_one/config/ball_tracker_params_robot.yaml
[0.647s] -- Symlinking: /home/chief-of-mischief/Desktop/mobile_ws/install/articubot_one/share/articubot_one/config/ball_tracker_params_sim.yaml
[0.654s] -- Symlinking: /home/chief-of-mischief/Desktop/mobile_ws/install/articubot_one/share/articubot_one/config/drive_bot.rviz
[0.660s] -- Symlinking: /home/chief-of-mischief/Desktop/mobile_ws/install/articubot_one/share/articubot_one/config/empty.yaml
[0.668s] -- Symlinking: /home/chief-of-mischief/Desktop/mobile_ws/install/articubot_one/share/articubot_one/config/gaz_ros2_ctl_use_sim.yaml
[0.678s] -- Symlinking: /home/chief-of-mischief/Desktop/mobile_ws/install/articubot_one/share/articubot_one/config/gazebo_params.yaml
[0.685s] -- Symlinking: /home/chief-of-mischief/Desktop/mobile_ws/install/articubot_one/share/articubot_one/config/joystick.yaml
[0.689s] -- Symlinking: /home/chief-of-mischief/Desktop/mobile_ws/install/articubot_one/share/articubot_one/config/main.rviz
[0.694s] -- Symlinking: /home/chief-of-mischief/Desktop/mobile_ws/install/articubot_one/share/articubot_one/config/map.rviz
[0.698s] -- Symlinking: /home/chief-of-mischief/Desktop/mobile_ws/install/articubot_one/share/articubot_one/config/mapper_params_online_async.yaml
[0.706s] -- Symlinking: /home/chief-of-mischief/Desktop/mobile_ws/install/articubot_one/share/articubot_one/config/my_controllers.yaml
[0.712s] -- Symlinking: /home/chief-of-mischief/Desktop/mobile_ws/install/articubot_one/share/articubot_one/config/nav2_params.yaml
[0.719s] -- Symlinking: /home/chief-of-mischief/Desktop/mobile_ws/install/articubot_one/share/articubot_one/config/twist_mux.yaml
[0.725s] -- Symlinking: /home/chief-of-mischief/Desktop/mobile_ws/install/articubot_one/share/articubot_one/config/view_bot.rviz
[0.732s] -- Symlinking: /home/chief-of-mischief/Desktop/mobile_ws/install/articubot_one/share/articubot_one/description/camera.xacro
[0.741s] -- Symlinking: /home/chief-of-mischief/Desktop/mobile_ws/install/articubot_one/share/articubot_one/description/depth_camera.xacro
[0.748s] -- Symlinking: /home/chief-of-mischief/Desktop/mobile_ws/install/articubot_one/share/articubot_one/description/face.xacro
[0.755s] -- Symlinking: /home/chief-of-mischief/Desktop/mobile_ws/install/articubot_one/share/articubot_one/description/gazebo_control.xacro
[0.763s] -- Symlinking: /home/chief-of-mischief/Desktop/mobile_ws/install/articubot_one/share/articubot_one/description/inertial_macros.xacro
[0.771s] -- Symlinking: /home/chief-of-mischief/Desktop/mobile_ws/install/articubot_one/share/articubot_one/description/lidar.xacro
[0.778s] -- Symlinking: /home/chief-of-mischief/Desktop/mobile_ws/install/articubot_one/share/articubot_one/description/robot.urdf.xacro
[0.785s] -- Symlinking: /home/chief-of-mischief/Desktop/mobile_ws/install/articubot_one/share/articubot_one/description/robot_core.xacro
[0.793s] -- Symlinking: /home/chief-of-mischief/Desktop/mobile_ws/install/articubot_one/share/articubot_one/description/ros2_control.xacro
[0.800s] -- Symlinking: /home/chief-of-mischief/Desktop/mobile_ws/install/articubot_one/share/articubot_one/launch/ball_tracker.launch.py
[0.808s] -- Symlinking: /home/chief-of-mischief/Desktop/mobile_ws/install/articubot_one/share/articubot_one/launch/camera.launch.py
[0.816s] -- Symlinking: /home/chief-of-mischief/Desktop/mobile_ws/install/articubot_one/share/articubot_one/launch/joystick.launch.py
[0.823s] -- Symlinking: /home/chief-of-mischief/Desktop/mobile_ws/install/articubot_one/share/articubot_one/launch/launch_robot.launch.py
[0.829s] -- Symlinking: /home/chief-of-mischief/Desktop/mobile_ws/install/articubot_one/share/articubot_one/launch/launch_sim.launch.py
[0.840s] -- Symlinking: /home/chief-of-mischief/Desktop/mobile_ws/install/articubot_one/share/articubot_one/launch/localization_launch.py
[0.848s] -- Symlinking: /home/chief-of-mischief/Desktop/mobile_ws/install/articubot_one/share/articubot_one/launch/navigation_launch.py
[0.856s] -- Symlinking: /home/chief-of-mischief/Desktop/mobile_ws/install/articubot_one/share/articubot_one/launch/online_async_launch.py
[0.864s] -- Symlinking: /home/chief-of-mischief/Desktop/mobile_ws/install/articubot_one/share/articubot_one/launch/rplidar.launch.py
[0.872s] -- Symlinking: /home/chief-of-mischief/Desktop/mobile_ws/install/articubot_one/share/articubot_one/launch/rsp.launch.py
[0.878s] -- Symlinking: /home/chief-of-mischief/Desktop/mobile_ws/install/articubot_one/share/articubot_one/worlds/empty.world
[0.884s] -- Symlinking: /home/chief-of-mischief/Desktop/mobile_ws/install/articubot_one/share/articubot_one/worlds/obstacles.world
[0.892s] -- Symlinking: /home/chief-of-mischief/Desktop/mobile_ws/install/articubot_one/share/ament_index/resource_index/package_run_dependencies/articubot_one
[0.901s] -- Symlinking: /home/chief-of-mischief/Desktop/mobile_ws/install/articubot_one/share/ament_index/resource_index/parent_prefix_path/articubot_one
[0.909s] -- Symlinking: /home/chief-of-mischief/Desktop/mobile_ws/install/articubot_one/share/articubot_one/environment/ament_prefix_path.sh
[0.916s] -- Symlinking: /home/chief-of-mischief/Desktop/mobile_ws/install/articubot_one/share/articubot_one/environment/ament_prefix_path.dsv
[0.922s] -- Symlinking: /home/chief-of-mischief/Desktop/mobile_ws/install/articubot_one/share/articubot_one/environment/path.sh
[0.929s] -- Symlinking: /home/chief-of-mischief/Desktop/mobile_ws/install/articubot_one/share/articubot_one/environment/path.dsv
[0.935s] -- Symlinking: /home/chief-of-mischief/Desktop/mobile_ws/install/articubot_one/share/articubot_one/local_setup.bash
[0.940s] -- Symlinking: /home/chief-of-mischief/Desktop/mobile_ws/install/articubot_one/share/articubot_one/local_setup.sh
[0.946s] -- Symlinking: /home/chief-of-mischief/Desktop/mobile_ws/install/articubot_one/share/articubot_one/local_setup.zsh
[0.950s] -- Symlinking: /home/chief-of-mischief/Desktop/mobile_ws/install/articubot_one/share/articubot_one/local_setup.dsv
[0.954s] -- Symlinking: /home/chief-of-mischief/Desktop/mobile_ws/install/articubot_one/share/articubot_one/package.dsv
[0.959s] -- Symlinking: /home/chief-of-mischief/Desktop/mobile_ws/install/articubot_one/share/ament_index/resource_index/packages/articubot_one
[0.964s] -- Symlinking: /home/chief-of-mischief/Desktop/mobile_ws/install/articubot_one/share/articubot_one/cmake/articubot_oneConfig.cmake
[0.968s] -- Symlinking: /home/chief-of-mischief/Desktop/mobile_ws/install/articubot_one/share/articubot_one/cmake/articubot_oneConfig-version.cmake
[0.974s] -- Symlinking: /home/chief-of-mischief/Desktop/mobile_ws/install/articubot_one/share/articubot_one/package.xml
[0.980s] Invoked command in '/home/chief-of-mischief/Desktop/mobile_ws/build/articubot_one' returned '0': CMAKE_PREFIX_PATH=${CMAKE_PREFIX_PATH}:/opt/ros/humble /usr/bin/cmake --install /home/chief-of-mischief/Desktop/mobile_ws/build/articubot_one
